Line 20: Class MSComDlg.CommonDialog of control CommonDialog was not a loaded control class.
Line 27: Class MSComctlLib.ImageList of control ImageList was not a loaded control class.
Line 57: Class MSComctlLib.ListView of control lstLegenda was not a loaded control class.
Line 153: Class rdActiveText.ActiveText of control vlrCod was not a loaded control class.
Line 194: Class rdActiveText.ActiveText of control txtUsuarioCad was not a loaded control class.
Line 217: Class rdActiveText.ActiveText of control datCad was not a loaded control class.
Line 243: Class rdActiveText.ActiveText of control datUltCad was not a loaded control class.
Line 269: Class rdActiveText.ActiveText of control txtUsuarioUltCad was not a loaded control class.
Line 411: Class rdActiveText.ActiveText of control vlrTributacao was not a loaded control class.
Line 436: Class rdActiveText.ActiveText of control vlrFrete was not a loaded control class.
Line 461: Class rdActiveText.ActiveText of control vlrComissao was not a loaded control class.
Line 486: Class rdActiveText.ActiveText of control vlrMargem was not a loaded control class.
Line 511: Class rdActiveText.ActiveText of control vlrCusto was not a loaded control class.
Line 536: Class rdActiveText.ActiveText of control vlrVenda was not a loaded control class.
Line 647: Class MSComctlLib.ListView of control lstFornecedor was not a loaded control class.
Line 739: Class rdActiveText.ActiveText of control vlrICMS was not a loaded control class.
Line 764: Class rdActiveText.ActiveText of control vlrPISCOFINS was not a loaded control class.
Line 789: Class rdActiveText.ActiveText of control vlrIPI was not a loaded control class.
Line 863: Class rdActiveText.ActiveText of control vlrEstMin was not a loaded control class.
Line 896: Class rdActiveText.ActiveText of control vlrEstEntrada was not a loaded control class.
Line 921: Class rdActiveText.ActiveText of control vlrEstSaida was not a loaded control class.
Line 947: Class rdActiveText.ActiveText of control vlrEstReservado was not a loaded control class.
Line 972: Class rdActiveText.ActiveText of control vlrCodDisponivel was not a loaded control class.
Line 998: Class rdActiveText.ActiveText of control vlrEstAtual was not a loaded control class.
Line 1114: Class rdActiveText.ActiveText of control vlrLucroMin was not a loaded control class.
Line 1188: Class rdActiveText.ActiveText of control txtDescGrupo was not a loaded control class.
Line 1219: Class rdActiveText.ActiveText of control vlrCodGrupo was not a loaded control class.
Line 1244: Class rdActiveText.ActiveText of control txtDescricao was not a loaded control class.
Line 1266: Class rdActiveText.ActiveText of control txtCodBarras was not a loaded control class.
Line 1291: Class rdActiveText.ActiveText of control txtAbreviatura was not a loaded control class.
Line 1313: Class rdActiveText.ActiveText of control vlrCodSubGrupo was not a loaded control class.
Line 1338: Class rdActiveText.ActiveText of control txtDescSubGrupo was not a loaded control class.
Line 1361: Class rdActiveText.ActiveText of control vlrCodMarca was not a loaded control class.
Line 1386: Class rdActiveText.ActiveText of control txtDescMarca was not a loaded control class.
Line 1409: Class rdActiveText.ActiveText of control vlrCodModelo was not a loaded control class.
Line 1434: Class rdActiveText.ActiveText of control txtDescModelo was not a loaded control class.
Line 1457: Class rdActiveText.ActiveText of control vlrCodUnidade was not a loaded control class.
Line 1482: Class rdActiveText.ActiveText of control txtDescUnidade was not a loaded control class.
